0.222655 104
1.745237 1
0.353467 1
0.196356 1
0.894461 1
0.374753 1
0.303851 1
0.864046 1
0.229366 1
0.678787 1
0.176550 1
0.220514 1
0.664366 1
0.128974 1
0.207842 1
0.403440 1
1.261501 2
0.000025 9
0.139352 54
0.000257 7
0.000043 122
0.000041 32
0.000009 33
0.000051 32
0.000009 33
0.000046 32
0.000013 33
0.000065 32
0.000019 65
0.000012 33
0.000055 32
0.000013 33
0.000038 65
0.000056 32
0.000007 34
0.000049 32
0.000013 34
0.000038 32
0.000013 34
0.000046 32
0.000011 34
0.000057 66
0.000047 66
0.000048 32
0.000011 34
0.000050 66
0.000048 32
0.000011 34
0.000051 66
0.000045 66
0.000059 124
0.000090 31
0.000131 6
0.000037 101
0.000094 8
0.000010 8
0.000064 31
0.000074 7
0.000053 6
0.000079 3
0.000025 130
0.000063 73
0.000059 73
0.000023 36
0.000016 37
0.000068 73
0.000047 73
0.000049 73
0.000063 73
0.000061 36
0.000089 38
0.000050 74
0.000081 74
0.000060 74
0.000034 74
0.000075 148
0.000049 74
0.000008 74
0.000043 74
0.000051 74
0.000047 130
0.000085 8
0.000031 7
0.000032 130
0.000068 146
0.000141 292
0.000033 36
0.000033 37
0.000022 74
0.000024 36
0.000035 77
0.000013 42
0.000012 54
0.000045 74
0.000030 74
0.000048 74
0.000015 36
0.000008 38
0.000049 74
0.000083 184
0.000012 38
0.000010 115
0.000052 106
0.000044 6
0.000185 5
0.000032 77
0.000077 55
0.000084 83
0.000037 72
0.000044 59
0.000049 58
0.000047 52
0.000053 58
0.000035 49
0.000118 64
6.238769 1
0.172003 6
0.000047 56
0.000123 5
0.000028 8
0.000050 120
0.000084 6
0.000054 9
0.000071 5
0.000046 8
0.000032 28
0.000189 82
0.010356 5
0.000025 60
0.019735 53
0.000043 145
0.000032 17
0.000027 14
0.000026 136
0.000030 75
0.000025 17
0.000048 345
0.000026 157
0.000080 79
0.000041 80
0.000023 30
0.000053 224
0.000022 172
0.000018 21
0.000064 160
0.000036 7
0.000040 8
0.000058 30
0.001362 32
0.000038 15
0.000039 8
0.002919 322
11.484025 1
0.190871 1
0.957962 1
0.187982 1
0.404162 6
0.000302 119
3.247531 1
0.238853 1
0.196588 1
0.117528 1
0.124261 1
0.293850 1
0.804315 1
0.210510 1
0.261034 1
0.294677 1
0.177825 1
0.148928 1
0.286599 1
1.105420 1
0.413306 1
0.193483 1
0.240742 1
1.731413 6
0.000014 9
0.000046 74
0.047997 14
0.000032 18
0.000028 35
0.000031 8
0.000031 44
0.000040 11
0.000012 54
0.000062 25
0.000009 53
0.000034 14
0.000075 17
0.000118 9
0.000276 14
0.000138 40
0.000053 6
0.000190 6
0.001743 32
0.000072 7
0.000012 8
0.000079 8
0.001205 6
0.001867 32
0.000067 7
0.000034 8
0.000040 8
0.001390 6
0.197723 21
0.000017 11
0.000070 15
0.000130 8
0.000069 6
0.002246 21
0.000021 11
0.000047 15
0.000073 8
0.000820 6
0.001286 15
0.000211 6
0.000072 8
0.020948 13
0.000113 131
0.000067 59
0.001802 20
0.000097 236
0.000049 12
8.373682 1
0.288323 1
0.382685 1
0.175475 1
0.401286 1
4.468410 6
0.000040 21
0.000144 6
1.615452 1
0.313025 1
0.401045 1
0.170915 1
0.229180 1
0.569812 6
0.000024 9
0.000013 12
0.000102 6
1.184750 1
0.139303 14
0.003937 8
0.000176 24
0.002594 7
0.000048 13
0.000084 240
0.000065 187
0.000079 7
0.000048 9
0.000078 13
0.000100 6
0.000045 6
2.798430 1
0.201564 1
0.597098 1
0.149650 1
0.235906 1
0.473876 6
0.000041 30
0.000026 6
8.150125 1
0.256018 1
0.296232 1
0.158551 1
0.223631 1
0.267533 15
0.000035 27
2.826240 1
0.330658 1
0.536858 1
0.207537 1
0.230160 6
0.000031 21
0.000074 6
7.704969 1
1.826638 6
0.000123 8
0.002134 8
0.000033 23
0.002072 20
0.000029 26
0.000049 330
0.000042 7
0.000021 22
0.000050 12
0.560381 1
0.299232 6
0.000041 8
0.001075 39
0.001626 5
0.000028 8
0.000039 56
0.000149 7
0.000028 44
0.000087 59
0.000011 14
0.000023 11
0.000024 31
0.000039 53
0.000037 44
0.000035 55
0.000036 56
0.000031 37
0.000031 31
0.000788 15
0.000029 126
0.000035 40
0.000062 255
0.000023 78
0.000028 97
0.000055 178
0.000022 7
0.000047 8
0.000326 6
0.000056 6
8.190879 1
0.224376 1
0.252973 1
0.603806 1
2.410059 6
0.000141 61
0.000084 6
3.275047 1
0.206720 32
0.021342 104
24.088593 1
0.165422 1
0.200126 11
0.003374 74
0.000398 104
28.983228 1
0.192094 1
0.212462 1
0.172701 1
0.243281 11
0.000046 6
